c:\users\dinahasina\documents\upwork_project\abl350_j27\x64\release\vc143.pdb
c:\users\dinahasina\documents\upwork_project\abl350_j27\x64\release\abl350_j27.obj
c:\users\dinahasina\documents\upwork_project\abl350_j27\x64\release\abl350j27.dll
c:\users\dinahasina\documents\upwork_project\abl350_j27\x64\release\abl350j27.pdb
c:\users\dinahasina\documents\upwork_project\abl350_j27\x64\release\abl350j27.lib
c:\users\dinahasina\documents\upwork_project\abl350_j27\x64\release\abl350j27.exp
c:\users\dinahasina\documents\upwork_project\abl350_j27\x64\release\abl350j27.ipdb
c:\users\dinahasina\documents\upwork_project\abl350_j27\x64\release\abl350j27.iobj
c:\users\dinahasina\documents\upwork_project_elisabeth_mireille_claudia_randianasolo\abl350_j27\x64\release\abl350_j27.obj
c:\users\dinahasina\documents\upwork_project_elisabeth_mireille_claudia_randianasolo\abl350_j27\x64\release\abl350j27.ipdb
c:\users\dinahasina\documents\upwork_project_elisabeth_mireille_claudia_randianasolo\abl350_j27\x64\release\abl350j27.iobj
c:\users\dinahasina\documents\upwork_project_elisabeth_mireille_claudia_randianasolo\abl350_j27\x64\release\abl350j27.exp
c:\users\dinahasina\documents\upwork_project_elisabeth_mireille_claudia_randianasolo\abl350_j27\x64\release\abl350j27.pdb
c:\users\dinahasina\documents\upwork_project_elisabeth_mireille_claudia_randianasolo\abl350_j27\x64\release\abl350_j27e.pdb
c:\users\dinahasina\documents\upwork_project_elisabeth_mireille_claudia_randianasolo\abl350_j27\x64\release\vc143.pdb
c:\users\dinahasina\documents\upwork_project_elisabeth_mireille_claudia_randianasolo\abl350_j27\x64\release\abl350j27.dll
c:\users\dinahasina\documents\upwork_project_elisabeth_mireille_claudia_randianasolo\abl350_j27\x64\release\abl350_j27.tlog\cl.command.1.tlog
c:\users\dinahasina\documents\upwork_project_elisabeth_mireille_claudia_randianasolo\abl350_j27\x64\release\abl350_j27.tlog\cl.items.tlog
c:\users\dinahasina\documents\upwork_project_elisabeth_mireille_claudia_randianasolo\abl350_j27\x64\release\abl350_j27.tlog\cl.read.1.tlog
c:\users\dinahasina\documents\upwork_project_elisabeth_mireille_claudia_randianasolo\abl350_j27\x64\release\abl350_j27.tlog\cl.write.1.tlog
c:\users\dinahasina\documents\upwork_project_elisabeth_mireille_claudia_randianasolo\abl350_j27\x64\release\abl350_j27.tlog\link.command.1.tlog
c:\users\dinahasina\documents\upwork_project_elisabeth_mireille_claudia_randianasolo\abl350_j27\x64\release\abl350_j27.tlog\link.read.1.tlog
c:\users\dinahasina\documents\upwork_project_elisabeth_mireille_claudia_randianasolo\abl350_j27\x64\release\abl350_j27.tlog\link.write.1.tlog
c:\users\dinahasina\documents\upwork_project_elisabeth_mireille_claudia_randianasolo\abl350_j27\x64\release\abl350_j27.tlog\link.write.2u.tlog
